7/9/2020 1:44:57 PM	This log contains information about the import schema operation into project 'DailyHealthChecks' on computer 'KLONDIKE' by user 'mrlent'.
7/9/2020 1:44:57 PM	Import of database schema has started.
7/9/2020 1:45:02 PM	Gathering database credentials
7/9/2020 1:45:02 PM	Gathering database options
7/9/2020 1:45:02 PM	Gathering generic database scoped configuration option
7/9/2020 1:45:02 PM	Gathering users
7/9/2020 1:45:02 PM	Gathering roles
7/9/2020 1:45:02 PM	Gathering application roles
7/9/2020 1:45:02 PM	Gathering role memberships
7/9/2020 1:45:02 PM	Gathering filegroups
7/9/2020 1:45:02 PM	Gathering full-text catalogs
7/9/2020 1:45:02 PM	Gathering assemblies
7/9/2020 1:45:02 PM	Gathering certificates
7/9/2020 1:45:02 PM	Gathering asymmetric keys
7/9/2020 1:45:02 PM	Gathering symmetric keys
7/9/2020 1:45:02 PM	Gathering encrypted symmetric keys
7/9/2020 1:45:02 PM	Gathering schemas
7/9/2020 1:45:02 PM	Gathering XML schema collections
7/9/2020 1:45:02 PM	Gathering user-defined data types
7/9/2020 1:45:02 PM	Gathering user-defined types
7/9/2020 1:45:02 PM	Gathering table types
7/9/2020 1:45:02 PM	Gathering unique keys for table types
7/9/2020 1:45:02 PM	Gathering primary keys for table types
7/9/2020 1:45:02 PM	Gathering indexes for table types
7/9/2020 1:45:02 PM	Gathering check constraints for table types
7/9/2020 1:45:02 PM	Gathering default constraints for table types
7/9/2020 1:45:02 PM	Gathering partition functions
7/9/2020 1:45:02 PM	Gathering partition schemes
7/9/2020 1:45:02 PM	Gathering functions
7/9/2020 1:45:02 PM	Gathering encrypted functions
7/9/2020 1:45:02 PM	Gathering aggregates
7/9/2020 1:45:02 PM	Gathering procedures
7/9/2020 1:45:02 PM	Gathering encrypted procedures
7/9/2020 1:45:02 PM	Gathering tables
7/9/2020 1:45:02 PM	Gathering primary keys
7/9/2020 1:45:02 PM	Gathering unique constraints
7/9/2020 1:45:02 PM	Gathering foreign keys
7/9/2020 1:45:02 PM	Gathering default constraints
7/9/2020 1:45:02 PM	Gathering check constraints
7/9/2020 1:45:02 PM	Gathering views
7/9/2020 1:45:02 PM	Gathering encrypted views
7/9/2020 1:45:02 PM	Gathering indexes
7/9/2020 1:45:02 PM	Gathering statistics
7/9/2020 1:45:02 PM	Gathering full-text index stoplists
7/9/2020 1:45:02 PM	Gathering search property lists
7/9/2020 1:45:02 PM	Gathering search properties
7/9/2020 1:45:02 PM	Gathering full-text indexes
7/9/2020 1:45:02 PM	Gathering column store indexes
7/9/2020 1:45:02 PM	Gathering spatial indexes
7/9/2020 1:45:02 PM	Gathering XML indexes
7/9/2020 1:45:02 PM	Gathering Selective XML indexes
7/9/2020 1:45:02 PM	Gathering encrypted triggers
7/9/2020 1:45:02 PM	Gathering triggers
7/9/2020 1:45:02 PM	Gathering encrypted and clr ddl triggers
7/9/2020 1:45:02 PM	Gathering ddl triggers
7/9/2020 1:45:02 PM	Creating edge constraints
7/9/2020 1:45:02 PM	Gathering synonyms
7/9/2020 1:45:02 PM	Gathering defaults
7/9/2020 1:45:02 PM	Gathering data constraint uddt bindings
7/9/2020 1:45:02 PM	Gathering rules
7/9/2020 1:45:02 PM	Gathering data constraint uddt bindings
7/9/2020 1:45:02 PM	Gathering message types
7/9/2020 1:45:02 PM	Gathering queues
7/9/2020 1:45:02 PM	Gathering contracts
7/9/2020 1:45:02 PM	Gathering services
7/9/2020 1:45:02 PM	Gathering event notifications
7/9/2020 1:45:02 PM	Gathering remote service bindings
7/9/2020 1:45:02 PM	Gathering broker priorities
7/9/2020 1:45:02 PM	Gathering signatures
7/9/2020 1:45:02 PM	Gathering data compression options
7/9/2020 1:45:02 PM	Gathering sequence types
7/9/2020 1:45:02 PM	Gathering security policies
7/9/2020 1:45:02 PM	Gather column encryption keys
7/9/2020 1:45:02 PM	Gathering column master keys
7/9/2020 1:45:02 PM	Gathering external data sources
7/9/2020 1:45:02 PM	Gathering external file formats
7/9/2020 1:45:02 PM	Gathering external tables
7/9/2020 1:45:02 PM	Gathering extended properties
7/9/2020 1:45:02 PM	Gathering credentials
7/9/2020 1:45:02 PM	Gathering logins
7/9/2020 1:45:02 PM	Gathering server audits
7/9/2020 1:45:03 PM	Scanning project for duplicate elements
7/9/2020 1:45:03 PM	Finished duplicate element processing
7/9/2020 1:45:03 PM	Finished importing database.
7/9/2020 1:45:03 PM	A summary of the import was saved to the following location: C:\Users\mrlen\source\repos\SQLMorningHealthChecks\DailyHealthChecks\Import Schema Logs\DailyHealthChecks_20200709084457.log
7/9/2020 1:45:03 PM	Click Finish to continue...
